<!DOCTYPE html PUBLIC "-//W3C//DTD XHTML 1.1//EN" "https://www.w3.org/TR/xhtml11/DTD/xhtml11.dtd">
<html xmlns="https://www.w3.org/1999/xhtml">
<head>
<meta http-equiv="content-type" content="text/html; charset=UTF-8"/>
<title>TestNG Report</title>
<style type="text/css">table {margin-bottom:10px;border-collapse:collapse;empty-cells:show}th,td {border:1px solid #009;padding:.25em .5em}th {vertical-align:bottom}td {vertical-align:top}table a {font-weight:bold}.stripe td {background-color: #E6EBF9}.num {text-align:right}.passedodd td {background-color: #3F3}.passedeven td {background-color: #0A0}.skippedodd td {background-color: #DDD}.skippedeven td {background-color: #CCC}.failedodd td,.attn {background-color: #F33}.failedeven td,.stripe .attn {background-color: #D00}.stacktrace {white-space:pre;font-family:monospace}.totop {font-size:85%;text-align:center;border-bottom:2px solid #000}.invisible {display:none}</style>
</head>
<body>
<table>
<tr><th>Test</th><th># Passed</th><th># Skipped</th><th># Retried</th><th># Failed</th><th>Time (ms)</th><th>Included Groups</th><th>Excluded Groups</th></tr>
<tr><th colspan="8">OpenCart Automation Test Suite</th></tr>
<tr><td><a href="#t0">LoginPage Test</a></td><td class="num">2</td><td class="num">0</td><td class="num">0</td><td class="num">0</td><td class="num">9,284</td><td></td><td></td></tr>
<tr class="stripe"><td><a href="#t1">HomePage Test</a></td><td class="num">6</td><td class="num">0</td><td class="num">0</td><td class="num">0</td><td class="num">10,001</td><td></td><td></td></tr>
<tr><td><a href="#t2">ProductInfo Test</a></td><td class="num">0</td><td class="num">0</td><td class="num">0</td><td class="num attn">2</td><td class="num">11,324</td><td></td><td></td></tr>
<tr class="stripe"><td><a href="#t3">RegistrationPage Test</a></td><td class="num">4</td><td class="num">0</td><td class="num">0</td><td class="num">0</td><td class="num">11,607</td><td></td><td></td></tr>
<tr><th>Total</th><th class="num">12</th><th class="num">0</th><th class="num">0</th><th class="num attn">2</th><th class="num">42,216</th><th colspan="2"></th></tr>
</table>
<table id='summary'><thead><tr><th>Class</th><th>Method</th><th>Start</th><th>Time (ms)</th></tr></thead><tbody><tr><th colspan="4">OpenCart Automation Test Suite</th></tr></tbody><tbody id="t0"><tr><th colspan="4">LoginPage Test &#8212; passed</th></tr><tr class="passedeven"><td rowspan="2">com.qa.OpenCart.Tests.LoginPageTest</td><td><a href="#m0">loginTest</a></td><td rowspan="1">1643568996492</td><td rowspan="1">2669</td></tr><tr class="passedeven"><td><a href="#m1">verifyLoginPageTitleTest</a></td><td rowspan="1">1643568995712</td><td rowspan="1">71</td></tr></tbody>
<tbody id="t1"><tr><th colspan="4">HomePage Test &#8212; passed</th></tr><tr class="passedeven"><td rowspan="6">com.qa.OpenCart.Tests.HomePageTest</td><td><a href="#m2">homePageTitleTest</a></td><td rowspan="1">1643568998597</td><td rowspan="1">27</td></tr><tr class="passedeven"><td><a href="#m3">verifyHomePageHeaderTest</a></td><td rowspan="1">1643568998801</td><td rowspan="1">41</td></tr><tr class="passedeven"><td><a href="#m4">verifyMyAccountIconTest</a></td><td rowspan="1">1643568999238</td><td rowspan="1">276</td></tr><tr class="passedeven"><td><a href="#m5">verifyMyAccountSectionsCountTest</a></td><td rowspan="1">1643568999658</td><td rowspan="1">15</td></tr><tr class="passedeven"><td><a href="#m6">verifyMyAccountSectionsistTest</a></td><td rowspan="1">1643568999839</td><td rowspan="1">99</td></tr><tr class="passedeven"><td><a href="#m7">verifyShoppingCartTest</a></td><td rowspan="1">1643568999025</td><td rowspan="1">60</td></tr></tbody>
<tbody id="t2"><tr><th colspan="4">ProductInfo Test &#8212; failed</th></tr><tr class="failedeven"><td rowspan="2">com.qa.OpenCart.Tests.ProductInfoTest</td><td><a href="#m8">productImagesTest</a></td><td rowspan="1">1643569007110</td><td rowspan="1">1847</td></tr><tr class="failedeven"><td><a href="#m9">verifyproductInfoTest_MacBook</a></td><td rowspan="1">1643569009307</td><td rowspan="1">1690</td></tr></tbody>
<tbody id="t3"><tr><th colspan="4">RegistrationPage Test &#8212; passed</th></tr><tr class="passedeven"><td rowspan="4">com.qa.OpenCart.Tests.RegistrationPageTest</td><td><a href="#m10">userRegistrationTest</a></td><td rowspan="4">1643569009851</td><td rowspan="4">758</td></tr><tr class="passedeven"><td><a href="#m11">userRegistrationTest</a></td></tr><tr class="passedeven"><td><a href="#m12">userRegistrationTest</a></td></tr><tr class="passedeven"><td><a href="#m13">userRegistrationTest</a></td></tr></tbody>
</table>
<h2>LoginPage Test</h2><h3 id="m0">com.qa.OpenCart.Tests.LoginPageTest#loginTest</h3><table class="result"><tr><th class="invisible"/></tr></table><p class="totop"><a href="#summary">back to summary</a></p>
<h3 id="m1">com.qa.OpenCart.Tests.LoginPageTest#verifyLoginPageTitleTest</h3><table class="result"><tr><th class="invisible"/></tr></table><p class="totop"><a href="#summary">back to summary</a></p>
<h2>HomePage Test</h2><h3 id="m2">com.qa.OpenCart.Tests.HomePageTest#homePageTitleTest</h3><table class="result"><tr><th class="invisible"/></tr></table><p class="totop"><a href="#summary">back to summary</a></p>
<h3 id="m3">com.qa.OpenCart.Tests.HomePageTest#verifyHomePageHeaderTest</h3><table class="result"><tr><th class="invisible"/></tr></table><p class="totop"><a href="#summary">back to summary</a></p>
<h3 id="m4">com.qa.OpenCart.Tests.HomePageTest#verifyMyAccountIconTest</h3><table class="result"><tr><th class="invisible"/></tr></table><p class="totop"><a href="#summary">back to summary</a></p>
<h3 id="m5">com.qa.OpenCart.Tests.HomePageTest#verifyMyAccountSectionsCountTest</h3><table class="result"><tr><th class="invisible"/></tr></table><p class="totop"><a href="#summary">back to summary</a></p>
<h3 id="m6">com.qa.OpenCart.Tests.HomePageTest#verifyMyAccountSectionsistTest</h3><table class="result"><tr><th class="invisible"/></tr></table><p class="totop"><a href="#summary">back to summary</a></p>
<h3 id="m7">com.qa.OpenCart.Tests.HomePageTest#verifyShoppingCartTest</h3><table class="result"><tr><th class="invisible"/></tr></table><p class="totop"><a href="#summary">back to summary</a></p>
<h2>ProductInfo Test</h2><h3 id="m8">com.qa.OpenCart.Tests.ProductInfoTest#productImagesTest</h3><table class="result"><tr><th>Exception</th></tr><tr><td><div class="stacktrace">java.lang.AssertionError: expected [3] but found [0]
	at com.qa.OpenCart.Tests.ProductInfoTest.productImagesTest(ProductInfoTest.java:23)
	at java.util.ArrayList.forEach(Unknown Source)
	at java.util.concurrent.FutureTask.run(Unknown Source)
	at java.util.concurrent.ThreadPoolExecutor.runWorker(Unknown Source)
	at java.util.concurrent.ThreadPoolExecutor$Worker.run(Unknown Source)
	at java.lang.Thread.run(Unknown Source)
... Removed 24 stack frames</div></td></tr></table><p class="totop"><a href="#summary">back to summary</a></p>
<h3 id="m9">com.qa.OpenCart.Tests.ProductInfoTest#verifyproductInfoTest_MacBook</h3><table class="result"><tr><th>Exception</th></tr><tr><td><div class="stacktrace">java.lang.IndexOutOfBoundsException: Index: 0, Size: 0
	at java.util.ArrayList.rangeCheck(Unknown Source)
	at java.util.ArrayList.get(Unknown Source)
	at com.qa.OpenCart.Pages.ProductInfoPage.getProductInfo(ProductInfoPage.java:63)
	at com.qa.OpenCart.Tests.ProductInfoTest.verifyproductInfoTest_MacBook(ProductInfoTest.java:31)
	at java.util.ArrayList.forEach(Unknown Source)
	at java.util.concurrent.FutureTask.run(Unknown Source)
	at java.util.concurrent.ThreadPoolExecutor.runWorker(Unknown Source)
	at java.util.concurrent.ThreadPoolExecutor$Worker.run(Unknown Source)
	at java.lang.Thread.run(Unknown Source)
... Removed 18 stack frames</div></td></tr></table><p class="totop"><a href="#summary">back to summary</a></p>
<h2>RegistrationPage Test</h2><h3 id="m10">com.qa.OpenCart.Tests.RegistrationPageTest#userRegistrationTest</h3><table class="result"><tr class="param"><th>Parameter #1</th><th>Parameter #2</th><th>Parameter #3</th><th>Parameter #4</th><th>Parameter #5</th><th>Parameter #6</th></tr><tr class="param stripe"><td>ak</td><td>jp</td><td>galindo@gmail.com</td><td>8.790654323E9</td><td>test@12345</td><td>yes</td></tr></table><p class="totop"><a href="#summary">back to summary</a></p>
<h3 id="m11">com.qa.OpenCart.Tests.RegistrationPageTest#userRegistrationTest</h3><table class="result"><tr class="param"><th>Parameter #1</th><th>Parameter #2</th><th>Parameter #3</th><th>Parameter #4</th><th>Parameter #5</th><th>Parameter #6</th></tr><tr class="param stripe"><td>dev</td><td>d</td><td>devd@gmail.com</td><td>9.807654321E9</td><td>sel@234567</td><td>yes</td></tr></table><p class="totop"><a href="#summary">back to summary</a></p>
<h3 id="m12">com.qa.OpenCart.Tests.RegistrationPageTest#userRegistrationTest</h3><table class="result"><tr class="param"><th>Parameter #1</th><th>Parameter #2</th><th>Parameter #3</th><th>Parameter #4</th><th>Parameter #5</th><th>Parameter #6</th></tr><tr class="param stripe"><td>navi</td><td>sh</td><td>navi@gmail.com</td><td>9.807654322E9</td><td>auto@12345</td><td>no</td></tr></table><p class="totop"><a href="#summary">back to summary</a></p>
<h3 id="m13">com.qa.OpenCart.Tests.RegistrationPageTest#userRegistrationTest</h3><table class="result"><tr class="param"><th>Parameter #1</th><th>Parameter #2</th><th>Parameter #3</th><th>Parameter #4</th><th>Parameter #5</th><th>Parameter #6</th></tr><tr class="param stripe"><td>aj</td><td>jk</td><td>gala@gmail.com</td><td>8.790654326E9</td><td>test@12345</td><td>yes</td></tr></table><p class="totop"><a href="#summary">back to summary</a></p>
</body>
</html>
