<?xml version="1.0" encoding="UTF-8"?>
<testng-results skipped="0" failed="2" ignored="0" total="14" passed="12">
  <reporter-output>
  </reporter-output>
  <suite name="OpenCart Automation Test Suite" duration-ms="21648" started-at="2022-01-31T00:26:30 IST" finished-at="2022-01-31T00:26:52 IST">
    <groups>
    </groups>
    <test name="LoginPage Test" duration-ms="9284" started-at="2022-01-31T00:26:30 IST" finished-at="2022-01-31T00:26:40 IST">
      <class name="com.qa.OpenCart.Tests.LoginPageTest">
        <test-method status="PASS" signature="setUp()[pri:0, instance:com.qa.OpenCart.Tests.LoginPageTest@6a400542]" name="setUp" is-config="true" duration-ms="4878" started-at="2022-01-31T00:26:30 IST" finished-at="2022-01-31T00:26:35 IST">
          <reporter-output>
          </reporter-output>
        </test-method> <!-- setUp -->
        <test-method status="PASS" signature="verifyLoginPageTitleTest()[pri:1, instance:com.qa.OpenCart.Tests.LoginPageTest@6a400542]" name="verifyLoginPageTitleTest" duration-ms="71" started-at="2022-01-31T00:26:35 IST" finished-at="2022-01-31T00:26:35 IST">
          <reporter-output>
          </reporter-output>
        </test-method> <!-- verifyLoginPageTitleTest -->
        <test-method status="PASS" signature="loginTest()[pri:2, instance:com.qa.OpenCart.Tests.LoginPageTest@6a400542]" name="loginTest" duration-ms="2669" started-at="2022-01-31T00:26:36 IST" finished-at="2022-01-31T00:26:39 IST">
          <reporter-output>
          </reporter-output>
        </test-method> <!-- loginTest -->
        <test-method status="PASS" signature="tearDown()[pri:0, instance:com.qa.OpenCart.Tests.LoginPageTest@6a400542]" name="tearDown" is-config="true" duration-ms="652" started-at="2022-01-31T00:26:39 IST" finished-at="2022-01-31T00:26:40 IST">
          <reporter-output>
          </reporter-output>
        </test-method> <!-- tearDown -->
      </class> <!-- com.qa.OpenCart.Tests.LoginPageTest -->
    </test> <!-- LoginPage Test -->
    <test name="HomePage Test" duration-ms="10001" started-at="2022-01-31T00:26:30 IST" finished-at="2022-01-31T00:26:40 IST">
      <class name="com.qa.OpenCart.Tests.HomePageTest">
        <test-method status="PASS" signature="setUp()[pri:0, instance:com.qa.OpenCart.Tests.HomePageTest@35ef1869]" name="setUp" is-config="true" duration-ms="4847" started-at="2022-01-31T00:26:30 IST" finished-at="2022-01-31T00:26:35 IST">
          <reporter-output>
          </reporter-output>
        </test-method> <!-- setUp -->
        <test-method status="PASS" signature="homePageSetUp()[pri:0, instance:com.qa.OpenCart.Tests.HomePageTest@35ef1869]" name="homePageSetUp" is-config="true" duration-ms="2917" started-at="2022-01-31T00:26:35 IST" finished-at="2022-01-31T00:26:38 IST">
          <reporter-output>
          </reporter-output>
        </test-method> <!-- homePageSetUp -->
        <test-method status="PASS" signature="homePageTitleTest()[pri:1, instance:com.qa.OpenCart.Tests.HomePageTest@35ef1869]" name="homePageTitleTest" duration-ms="27" started-at="2022-01-31T00:26:38 IST" finished-at="2022-01-31T00:26:38 IST">
          <reporter-output>
          </reporter-output>
        </test-method> <!-- homePageTitleTest -->
        <test-method status="PASS" signature="verifyHomePageHeaderTest()[pri:2, instance:com.qa.OpenCart.Tests.HomePageTest@35ef1869]" name="verifyHomePageHeaderTest" duration-ms="41" started-at="2022-01-31T00:26:38 IST" finished-at="2022-01-31T00:26:38 IST">
          <reporter-output>
          </reporter-output>
        </test-method> <!-- verifyHomePageHeaderTest -->
        <test-method status="PASS" signature="verifyShoppingCartTest()[pri:3, instance:com.qa.OpenCart.Tests.HomePageTest@35ef1869]" name="verifyShoppingCartTest" duration-ms="60" started-at="2022-01-31T00:26:39 IST" finished-at="2022-01-31T00:26:39 IST">
          <reporter-output>
          </reporter-output>
        </test-method> <!-- verifyShoppingCartTest -->
        <test-method status="PASS" signature="verifyMyAccountIconTest()[pri:4, instance:com.qa.OpenCart.Tests.HomePageTest@35ef1869]" name="verifyMyAccountIconTest" duration-ms="276" started-at="2022-01-31T00:26:39 IST" finished-at="2022-01-31T00:26:39 IST">
          <reporter-output>
          </reporter-output>
        </test-method> <!-- verifyMyAccountIconTest -->
        <test-method status="PASS" signature="verifyMyAccountSectionsCountTest()[pri:5, instance:com.qa.OpenCart.Tests.HomePageTest@35ef1869]" name="verifyMyAccountSectionsCountTest" duration-ms="15" started-at="2022-01-31T00:26:39 IST" finished-at="2022-01-31T00:26:39 IST">
          <reporter-output>
          </reporter-output>
        </test-method> <!-- verifyMyAccountSectionsCountTest -->
        <test-method status="PASS" signature="verifyMyAccountSectionsistTest()[pri:5, instance:com.qa.OpenCart.Tests.HomePageTest@35ef1869]" name="verifyMyAccountSectionsistTest" duration-ms="99" started-at="2022-01-31T00:26:39 IST" finished-at="2022-01-31T00:26:39 IST">
          <reporter-output>
          </reporter-output>
        </test-method> <!-- verifyMyAccountSectionsistTest -->
        <test-method status="PASS" signature="tearDown()[pri:0, instance:com.qa.OpenCart.Tests.HomePageTest@35ef1869]" name="tearDown" is-config="true" duration-ms="706" started-at="2022-01-31T00:26:40 IST" finished-at="2022-01-31T00:26:40 IST">
          <reporter-output>
          </reporter-output>
        </test-method> <!-- tearDown -->
      </class> <!-- com.qa.OpenCart.Tests.HomePageTest -->
    </test> <!-- HomePage Test -->
    <test name="ProductInfo Test" duration-ms="11324" started-at="2022-01-31T00:26:40 IST" finished-at="2022-01-31T00:26:51 IST">
      <class name="com.qa.OpenCart.Tests.ProductInfoTest">
        <test-method status="PASS" signature="setUp()[pri:0, instance:com.qa.OpenCart.Tests.ProductInfoTest@2ef3eef9]" name="setUp" is-config="true" duration-ms="3522" started-at="2022-01-31T00:26:40 IST" finished-at="2022-01-31T00:26:44 IST">
          <reporter-output>
          </reporter-output>
        </test-method> <!-- setUp -->
        <test-method status="PASS" signature="productInfoPageSetup()[pri:0, instance:com.qa.OpenCart.Tests.ProductInfoTest@2ef3eef9]" name="productInfoPageSetup" is-config="true" duration-ms="3007" started-at="2022-01-31T00:26:44 IST" finished-at="2022-01-31T00:26:47 IST">
          <reporter-output>
          </reporter-output>
        </test-method> <!-- productInfoPageSetup -->
        <test-method status="FAIL" signature="productImagesTest()[pri:0, instance:com.qa.OpenCart.Tests.ProductInfoTest@2ef3eef9]" name="productImagesTest" duration-ms="1847" started-at="2022-01-31T00:26:47 IST" finished-at="2022-01-31T00:26:48 IST">
          <exception class="java.lang.AssertionError">
            <message>
              <![CDATA[expected [3] but found [0]]]>
            </message>
            <full-stacktrace>
              <![CDATA[java.lang.AssertionError: expected [3] but found [0]
at org.testng.Assert.fail(Assert.java:99)
at org.testng.Assert.failNotEquals(Assert.java:1037)
at org.testng.Assert.assertEqualsImpl(Assert.java:140)
at org.testng.Assert.assertEquals(Assert.java:122)
at org.testng.Assert.assertEquals(Assert.java:907)
at org.testng.Assert.assertEquals(Assert.java:917)
at com.qa.OpenCart.Tests.ProductInfoTest.productImagesTest(ProductInfoTest.java:23)
at sun.reflect.NativeMethodAccessorImpl.invoke0(Native Method)
at sun.reflect.NativeMethodAccessorImpl.invoke(Unknown Source)
at sun.reflect.DelegatingMethodAccessorImpl.invoke(Unknown Source)
at java.lang.reflect.Method.invoke(Unknown Source)
at org.testng.internal.MethodInvocationHelper.invokeMethod(MethodInvocationHelper.java:132)
at org.testng.internal.TestInvoker.invokeMethod(TestInvoker.java:599)
at org.testng.internal.TestInvoker.invokeTestMethod(TestInvoker.java:174)
at org.testng.internal.MethodRunner.runInSequence(MethodRunner.java:46)
at org.testng.internal.TestInvoker$MethodInvocationAgent.invoke(TestInvoker.java:822)
at org.testng.internal.TestInvoker.invokeTestMethods(TestInvoker.java:147)
at org.testng.internal.TestMethodWorker.invokeTestMethods(TestMethodWorker.java:146)
at org.testng.internal.TestMethodWorker.run(TestMethodWorker.java:128)
at java.util.ArrayList.forEach(Unknown Source)
at org.testng.TestRunner.privateRun(TestRunner.java:764)
at org.testng.TestRunner.run(TestRunner.java:585)
at org.testng.SuiteRunner.runTest(SuiteRunner.java:384)
at org.testng.SuiteRunner.access$000(SuiteRunner.java:28)
at org.testng.SuiteRunner$SuiteWorker.run(SuiteRunner.java:425)
at org.testng.internal.thread.ThreadUtil.lambda$execute$0(ThreadUtil.java:66)
at java.util.concurrent.FutureTask.run(Unknown Source)
at java.util.concurrent.ThreadPoolExecutor.runWorker(Unknown Source)
at java.util.concurrent.ThreadPoolExecutor$Worker.run(Unknown Source)
at java.lang.Thread.run(Unknown Source)
]]>
            </full-stacktrace>
          </exception> <!-- java.lang.AssertionError -->
          <reporter-output>
          </reporter-output>
        </test-method> <!-- productImagesTest -->
        <test-method status="FAIL" signature="verifyproductInfoTest_MacBook()[pri:0, instance:com.qa.OpenCart.Tests.ProductInfoTest@2ef3eef9]" name="verifyproductInfoTest_MacBook" duration-ms="1690" started-at="2022-01-31T00:26:49 IST" finished-at="2022-01-31T00:26:50 IST">
          <exception class="java.lang.IndexOutOfBoundsException">
            <message>
              <![CDATA[Index: 0, Size: 0]]>
            </message>
            <full-stacktrace>
              <![CDATA[java.lang.IndexOutOfBoundsException: Index: 0, Size: 0
at java.util.ArrayList.rangeCheck(Unknown Source)
at java.util.ArrayList.get(Unknown Source)
at com.qa.OpenCart.Pages.ProductInfoPage.getProductInfo(ProductInfoPage.java:63)
at com.qa.OpenCart.Tests.ProductInfoTest.verifyproductInfoTest_MacBook(ProductInfoTest.java:31)
at sun.reflect.NativeMethodAccessorImpl.invoke0(Native Method)
at sun.reflect.NativeMethodAccessorImpl.invoke(Unknown Source)
at sun.reflect.DelegatingMethodAccessorImpl.invoke(Unknown Source)
at java.lang.reflect.Method.invoke(Unknown Source)
at org.testng.internal.MethodInvocationHelper.invokeMethod(MethodInvocationHelper.java:132)
at org.testng.internal.TestInvoker.invokeMethod(TestInvoker.java:599)
at org.testng.internal.TestInvoker.invokeTestMethod(TestInvoker.java:174)
at org.testng.internal.MethodRunner.runInSequence(MethodRunner.java:46)
at org.testng.internal.TestInvoker$MethodInvocationAgent.invoke(TestInvoker.java:822)
at org.testng.internal.TestInvoker.invokeTestMethods(TestInvoker.java:147)
at org.testng.internal.TestMethodWorker.invokeTestMethods(TestMethodWorker.java:146)
at org.testng.internal.TestMethodWorker.run(TestMethodWorker.java:128)
at java.util.ArrayList.forEach(Unknown Source)
at org.testng.TestRunner.privateRun(TestRunner.java:764)
at org.testng.TestRunner.run(TestRunner.java:585)
at org.testng.SuiteRunner.runTest(SuiteRunner.java:384)
at org.testng.SuiteRunner.access$000(SuiteRunner.java:28)
at org.testng.SuiteRunner$SuiteWorker.run(SuiteRunner.java:425)
at org.testng.internal.thread.ThreadUtil.lambda$execute$0(ThreadUtil.java:66)
at java.util.concurrent.FutureTask.run(Unknown Source)
at java.util.concurrent.ThreadPoolExecutor.runWorker(Unknown Source)
at java.util.concurrent.ThreadPoolExecutor$Worker.run(Unknown Source)
at java.lang.Thread.run(Unknown Source)
]]>
            </full-stacktrace>
          </exception> <!-- java.lang.IndexOutOfBoundsException -->
          <reporter-output>
          </reporter-output>
        </test-method> <!-- verifyproductInfoTest_MacBook -->
        <test-method status="PASS" signature="tearDown()[pri:0, instance:com.qa.OpenCart.Tests.ProductInfoTest@2ef3eef9]" name="tearDown" is-config="true" duration-ms="718" started-at="2022-01-31T00:26:51 IST" finished-at="2022-01-31T00:26:51 IST">
          <reporter-output>
          </reporter-output>
        </test-method> <!-- tearDown -->
      </class> <!-- com.qa.OpenCart.Tests.ProductInfoTest -->
    </test> <!-- ProductInfo Test -->
    <test name="RegistrationPage Test" duration-ms="11607" started-at="2022-01-31T00:26:40 IST" finished-at="2022-01-31T00:26:52 IST">
      <class name="com.qa.OpenCart.Tests.RegistrationPageTest">
        <test-method status="PASS" signature="setUp()[pri:0, instance:com.qa.OpenCart.Tests.RegistrationPageTest@20ce78ec]" name="setUp" is-config="true" duration-ms="3643" started-at="2022-01-31T00:26:40 IST" finished-at="2022-01-31T00:26:44 IST">
          <reporter-output>
          </reporter-output>
        </test-method> <!-- setUp -->
        <test-method status="PASS" signature="registerPageSetUp()[pri:0, instance:com.qa.OpenCart.Tests.RegistrationPageTest@20ce78ec]" name="registerPageSetUp" is-config="true" duration-ms="1357" started-at="2022-01-31T00:26:44 IST" finished-at="2022-01-31T00:26:45 IST">
          <reporter-output>
          </reporter-output>
        </test-method> <!-- registerPageSetUp -->
        <test-method status="PASS" signature="userRegistrationTest(java.lang.String, java.lang.String, java.lang.String, java.lang.String, java.lang.String, java.lang.String)[pri:0, instance:com.qa.OpenCart.Tests.RegistrationPageTest@20ce78ec]" name="userRegistrationTest" duration-ms="2142" started-at="2022-01-31T00:26:46 IST" data-provider="getRegisterationData" finished-at="2022-01-31T00:26:48 IST">
          <params>
            <param index="0">
              <value>
                <![CDATA[dev]]>
              </value>
            </param>
            <param index="1">
              <value>
                <![CDATA[d]]>
              </value>
            </param>
            <param index="2">
              <value>
                <![CDATA[devd@gmail.com]]>
              </value>
            </param>
            <param index="3">
              <value>
                <![CDATA[9.807654321E9]]>
              </value>
            </param>
            <param index="4">
              <value>
                <![CDATA[sel@234567]]>
              </value>
            </param>
            <param index="5">
              <value>
                <![CDATA[yes]]>
              </value>
            </param>
          </params>
          <reporter-output>
          </reporter-output>
        </test-method> <!-- userRegistrationTest -->
        <test-method status="PASS" signature="userRegistrationTest(java.lang.String, java.lang.String, java.lang.String, java.lang.String, java.lang.String, java.lang.String)[pri:0, instance:com.qa.OpenCart.Tests.RegistrationPageTest@20ce78ec]" name="userRegistrationTest" duration-ms="795" started-at="2022-01-31T00:26:48 IST" data-provider="getRegisterationData" finished-at="2022-01-31T00:26:49 IST">
          <params>
            <param index="0">
              <value>
                <![CDATA[navi]]>
              </value>
            </param>
            <param index="1">
              <value>
                <![CDATA[sh]]>
              </value>
            </param>
            <param index="2">
              <value>
                <![CDATA[navi@gmail.com]]>
              </value>
            </param>
            <param index="3">
              <value>
                <![CDATA[9.807654322E9]]>
              </value>
            </param>
            <param index="4">
              <value>
                <![CDATA[auto@12345]]>
              </value>
            </param>
            <param index="5">
              <value>
                <![CDATA[no]]>
              </value>
            </param>
          </params>
          <reporter-output>
          </reporter-output>
        </test-method> <!-- userRegistrationTest -->
        <test-method status="PASS" signature="userRegistrationTest(java.lang.String, java.lang.String, java.lang.String, java.lang.String, java.lang.String, java.lang.String)[pri:0, instance:com.qa.OpenCart.Tests.RegistrationPageTest@20ce78ec]" name="userRegistrationTest" duration-ms="758" started-at="2022-01-31T00:26:49 IST" data-provider="getRegisterationData" finished-at="2022-01-31T00:26:50 IST">
          <params>
            <param index="0">
              <value>
                <![CDATA[ak]]>
              </value>
            </param>
            <param index="1">
              <value>
                <![CDATA[jp]]>
              </value>
            </param>
            <param index="2">
              <value>
                <![CDATA[galindo@gmail.com]]>
              </value>
            </param>
            <param index="3">
              <value>
                <![CDATA[8.790654323E9]]>
              </value>
            </param>
            <param index="4">
              <value>
                <![CDATA[test@12345]]>
              </value>
            </param>
            <param index="5">
              <value>
                <![CDATA[yes]]>
              </value>
            </param>
          </params>
          <reporter-output>
          </reporter-output>
        </test-method> <!-- userRegistrationTest -->
        <test-method status="PASS" signature="userRegistrationTest(java.lang.String, java.lang.String, java.lang.String, java.lang.String, java.lang.String, java.lang.String)[pri:0, instance:com.qa.OpenCart.Tests.RegistrationPageTest@20ce78ec]" name="userRegistrationTest" duration-ms="762" started-at="2022-01-31T00:26:50 IST" data-provider="getRegisterationData" finished-at="2022-01-31T00:26:51 IST">
          <params>
            <param index="0">
              <value>
                <![CDATA[aj]]>
              </value>
            </param>
            <param index="1">
              <value>
                <![CDATA[jk]]>
              </value>
            </param>
            <param index="2">
              <value>
                <![CDATA[gala@gmail.com]]>
              </value>
            </param>
            <param index="3">
              <value>
                <![CDATA[8.790654326E9]]>
              </value>
            </param>
            <param index="4">
              <value>
                <![CDATA[test@12345]]>
              </value>
            </param>
            <param index="5">
              <value>
                <![CDATA[yes]]>
              </value>
            </param>
          </params>
          <reporter-output>
          </reporter-output>
        </test-method> <!-- userRegistrationTest -->
        <test-method status="PASS" signature="tearDown()[pri:0, instance:com.qa.OpenCart.Tests.RegistrationPageTest@20ce78ec]" name="tearDown" is-config="true" duration-ms="658" started-at="2022-01-31T00:26:51 IST" finished-at="2022-01-31T00:26:52 IST">
          <reporter-output>
          </reporter-output>
        </test-method> <!-- tearDown -->
      </class> <!-- com.qa.OpenCart.Tests.RegistrationPageTest -->
    </test> <!-- RegistrationPage Test -->
  </suite> <!-- OpenCart Automation Test Suite -->
</testng-results>
