<?xml version="1.0" encoding="UTF-8"?>
<!-- Generated by org.testng.reporters.JUnitXMLReporter -->
<testsuite hostname="BLRL5CG0287TTQ" ignored="0" name="HomePage Test" tests="6" failures="0" timestamp="2022-02-03T01:45:21 IST" time="12.664" errors="0">
  <testcase name="homePageTitleTest" time="0.031" classname="com.qa.OpenCart.Tests.HomePageTest"/>
  <testcase name="verifyHomePageHeaderTest" time="0.044" classname="com.qa.OpenCart.Tests.HomePageTest"/>
  <testcase name="verifyShoppingCartTest" time="0.06" classname="com.qa.OpenCart.Tests.HomePageTest"/>
  <testcase name="verifyMyAccountIconTest" time="0.038" classname="com.qa.OpenCart.Tests.HomePageTest"/>
  <testcase name="verifyMyAccountSectionsCountTest" time="0.013" classname="com.qa.OpenCart.Tests.HomePageTest"/>
  <testcase name="verifyMyAccountSectionsistTest" time="0.094" classname="com.qa.OpenCart.Tests.HomePageTest"/>
</testsuite> <!-- HomePage Test -->
