<?xml version="1.0" encoding="UTF-8"?>
<!-- Generated by org.testng.reporters.JUnitXMLReporter -->
<testsuite hostname="BLRL5CG0287TTQ" ignored="0" name="HomePage Test" tests="6" failures="0" timestamp="2022-01-31T00:26:40 IST" time="10.001" errors="0">
  <testcase name="homePageTitleTest" time="0.027" classname="com.qa.OpenCart.Tests.HomePageTest"/>
  <testcase name="verifyHomePageHeaderTest" time="0.041" classname="com.qa.OpenCart.Tests.HomePageTest"/>
  <testcase name="verifyShoppingCartTest" time="0.06" classname="com.qa.OpenCart.Tests.HomePageTest"/>
  <testcase name="verifyMyAccountIconTest" time="0.276" classname="com.qa.OpenCart.Tests.HomePageTest"/>
  <testcase name="verifyMyAccountSectionsCountTest" time="0.015" classname="com.qa.OpenCart.Tests.HomePageTest"/>
  <testcase name="verifyMyAccountSectionsistTest" time="0.099" classname="com.qa.OpenCart.Tests.HomePageTest"/>
</testsuite> <!-- HomePage Test -->
