<?xml version="1.0" encoding="UTF-8"?>
<!-- Generated by org.testng.reporters.JUnitXMLReporter -->
<testsuite hostname="BLRL5CG0287TTQ" ignored="0" name="OpenCart Regression Test Cases" tests="7" failures="0" timestamp="2021-12-23T00:12:34 IST" time="13.797" errors="0">
  <testcase name="homePageTitleTest" time="0.059" classname="com.qa.OpenCart.Tests.HomePageTest"/>
  <testcase name="verifyHomePageHeaderTest" time="0.311" classname="com.qa.OpenCart.Tests.HomePageTest"/>
  <testcase name="verifyShoppingCartTest" time="0.061" classname="com.qa.OpenCart.Tests.HomePageTest"/>
  <testcase name="verifyMyAccountIconTest" time="0.057" classname="com.qa.OpenCart.Tests.HomePageTest"/>
  <testcase name="verifyMyAccountSectionsCountTest" time="0.049" classname="com.qa.OpenCart.Tests.HomePageTest"/>
  <testcase name="verifyMyAccountSectionsistTest" time="0.27" classname="com.qa.OpenCart.Tests.HomePageTest"/>
  <testcase name="searchTest" time="2.814" classname="com.qa.OpenCart.Tests.HomePageTest"/>
</testsuite> <!-- OpenCart Regression Test Cases -->
