<?xml version="1.0" encoding="UTF-8"?>
<!-- Generated by org.testng.reporters.JUnitXMLReporter -->
<testsuite hostname="BLRL5CG0287TTQ" ignored="0" name="RegistrationPage Test" tests="4" failures="0" timestamp="2022-02-03T01:45:38 IST" time="12.939" errors="0">
  <testcase name="userRegistrationTest" time="2.195" classname="com.qa.OpenCart.Tests.RegistrationPageTest"/>
  <testcase name="userRegistrationTest" time="0.723" classname="com.qa.OpenCart.Tests.RegistrationPageTest"/>
  <testcase name="userRegistrationTest" time="0.752" classname="com.qa.OpenCart.Tests.RegistrationPageTest"/>
  <testcase name="userRegistrationTest" time="0.598" classname="com.qa.OpenCart.Tests.RegistrationPageTest"/>
</testsuite> <!-- RegistrationPage Test -->
