<?xml version="1.0" encoding="UTF-8"?>
<!-- Generated by org.testng.reporters.JUnitXMLReporter -->
<testsuite hostname="BLRL5CG0287TTQ" ignored="0" name="RegistrationPage Test" tests="4" failures="0" timestamp="2022-01-31T00:26:52 IST" time="11.607" errors="0">
  <testcase name="userRegistrationTest" time="2.142" classname="com.qa.OpenCart.Tests.RegistrationPageTest"/>
  <testcase name="userRegistrationTest" time="0.795" classname="com.qa.OpenCart.Tests.RegistrationPageTest"/>
  <testcase name="userRegistrationTest" time="0.758" classname="com.qa.OpenCart.Tests.RegistrationPageTest"/>
  <testcase name="userRegistrationTest" time="0.762" classname="com.qa.OpenCart.Tests.RegistrationPageTest"/>
</testsuite> <!-- RegistrationPage Test -->
